[WARN] 2026-05-01T20:54:03.032Z | [API] Rate limited fetching AUDJPY MINUTE_15. Retry 1/3 in 1500ms 
[WARN] 2026-05-04T01:17:50.125Z | [API] Rate limited fetching NZDJPY MINUTE. Retry 1/3 in 1500ms 
[ERROR] 2026-05-04T01:20:07.805Z | [API] Error placing position for AUDJPY: {"errorCode":"error.invalid.stoploss.maxvalue: 113.035"}
[ERROR] 2026-05-04T01:20:07.805Z | [API] Response status: 400
[ERROR] 2026-05-04T01:20:07.805Z | [API] Response headers: {"date":"Mon, 04 May 2026 01:20:07 GMT","content-type":"application/json","transfer-encoding":"chunked","connection":"keep-alive","vary":"Origin, Access-Control-Request-Method, Access-Control-Request-Headers","content-security-policy":"connect-src 'self'","access-control-expose-headers":"CST, X-SECURITY-TOKEN","cst":"xlhElTLCwao9m9P8OK5YMEbM","x-security-token":"1rYejt1nXHD6BJjABWgo1zt5AwcD28T","x-content-type-options":"nosniff","x-xss-protection":"1; mode=block","cache-control":"no-cache, no-store, max-age=0, must-revalidate","pragma":"no-cache","expires":"0","x-frame-options":"DENY"}
[ERROR] 2026-05-04T01:20:07.805Z | [Order] Error placing order for AUDJPY: AxiosError: Request failed with status code 400
    at settle (file:///home/pi/dev/capital-api-bot/node_modules/axios/lib/core/settle.js:19:12)
    at IncomingMessage.handleStreamEnd (file:///home/pi/dev/capital-api-bot/node_modules/axios/lib/adapters/http.js:792:11)
    at IncomingMessage.emit (node:events:536:35)
    at endReadableNT (node:internal/streams/readable:1698:12)
    at process.processTicksAndRejections (node:internal/process/task_queues:82:21)
    at Axios.request (file:///home/pi/dev/capital-api-bot/node_modules/axios/lib/core/Axios.js:45:41)
    at process.processTicksAndRejections (node:internal/process/task_queues:95:5)
    at async placePosition (file:///home/pi/dev/capital-api-bot/api.js:259:26)
    at async TradingService.executeTrade (file:///home/pi/dev/capital-api-bot/services/trading.js:356:25)
    at async TradingService.processPrice (file:///home/pi/dev/capital-api-bot/services/trading.js:171:13)
    at async TradingBot.analyzeSymbol (file:///home/pi/dev/capital-api-bot/bot.js:250:9)
    at async TradingBot.analyzeAllSymbols (file:///home/pi/dev/capital-api-bot/bot.js:192:13)
    at async runAnalysis (file:///home/pi/dev/capital-api-bot/bot.js:104:17) {
  code: 'ERR_BAD_REQUEST',
  config: {
    transitional: {
      silentJSONParsing: true,
      forcedJSONParsing: true,
      clarifyTimeoutError: false
    },
    adapter: [ 'xhr', 'http', 'fetch' ],
    transformRequest: [ [Function: transformRequest] ],
    transformResponse: [ [Function: transformResponse] ],
    timeout: 0,
    xsrfCookieName: 'XSRF-TOKEN',
    xsrfHeaderName: 'X-XSRF-TOKEN',
    maxContentLength: -1,
    maxBodyLength: -1,
    env: { FormData: [Function [FormData]], Blob: [class Blob] },
    validateStatus: [Function: validateStatus],
    headers: Object [AxiosHeaders] {
      Accept: 'application/json, text/plain, */*',
      'Content-Type': 'application/json',
      'X-SECURITY-TOKEN': '1rYejt1nXHD6BJjABWgo1zt5AwcD28T',
      'X-CAP-API-KEY': 'BfosmP5X0HqOdLqX',
      CST: 'xlhElTLCwao9m9P8OK5YMEbM',
      'User-Agent': 'axios/1.13.1',
      'Content-Length': '142',
      'Accept-Encoding': 'gzip, compress, deflate, br'
    },
    method: 'post',
    url: 'https://demo-api-capital.backend-capital.com/api/v1/positions',
    data: '{"epic":"AUDJPY","direction":"BUY","size":12900,"orderType":"MARKET","guaranteedStop":false,"stopLevel":"113.05600","profitLevel":"113.10100"}',
    allowAbsoluteUrls: true
  },
  request: <ref *1> ClientRequest {
    _events: [Object: null prototype] {
      abort: [Function (anonymous)],
      aborted: [Function (anonymous)],
      connect: [Function (anonymous)],
      error: [Function (anonymous)],
      socket: [Function (anonymous)],
      timeout: [Function (anonymous)],
      finish: [Function: requestOnFinish]
    },
    _eventsCount: 7,
    _maxListeners: undefined,
    outputData: [],
    outputSize: 0,
    writable: true,
    destroyed: true,
    _last: false,
    chunkedEncoding: false,
    shouldKeepAlive: true,
    maxRequestsOnConnectionReached: false,
    _defaultKeepAlive: true,
    useChunkedEncodingByDefault: true,
    sendDate: false,
    _removedConnection: false,
    _removedContLen: false,
    _removedTE: false,
    strictContentLength: false,
    _contentLength: '142',
    _hasBody: true,
    _trailer: '',
    finished: true,
    _headerSent: true,
    _closed: true,
    socket: TLSSocket {
      _tlsOptions: [Object],
      _secureEstablished: true,
      _securePending: false,
      _newSessionPending: false,
      _controlReleased: true,
      secureConnecting: false,
      _SNICallback: null,
      servername: 'demo-api-capital.backend-capital.com',
      alpnProtocol: false,
      authorized: true,
      authorizationError: null,
      encrypted: true,
      _events: [Object: null prototype],
      _eventsCount: 9,
      connecting: false,
      _hadError: false,
      _parent: null,
      _host: 'demo-api-capital.backend-capital.com',
      _closeAfterHandlingError: false,
      _readableState: [ReadableState],
      _writableState: [WritableState],
      allowHalfOpen: false,
      _maxListeners: undefined,
      _sockname: null,
      _pendingData: null,
      _pendingEncoding: '',
      server: undefined,
      _server: null,
      ssl: [TLSWrap],
      _requestCert: true,
      _rejectUnauthorized: true,
      timeout: 5000,
      parser: null,
      _httpMessage: null,
      autoSelectFamilyAttemptedAddresses: [Array],
      [Symbol(alpncallback)]: null,
      [Symbol(res)]: [TLSWrap],
      [Symbol(verified)]: true,
      [Symbol(pendingSession)]: null,
      [Symbol(async_id_symbol)]: -1,
      [Symbol(kHandle)]: [TLSWrap],
      [Symbol(lastWriteQueueSize)]: 0,
      [Symbol(timeout)]: Timeout {
        _idleTimeout: 5000,
        _idlePrev: [TimersList],
        _idleNext: [Timeout],
        _idleStart: 27465797,
        _onTimeout: [Function: bound ],
        _timerArgs: undefined,
        _repeat: null,
        _destroyed: false,
        [Symbol(refed)]: false,
        [Symbol(kHasPrimitive)]: false,
        [Symbol(asyncId)]: 193687,
        [Symbol(triggerId)]: 193685
      },
      [Symbol(kBuffer)]: null,
      [Symbol(kBufferCb)]: null,
      [Symbol(kBufferGen)]: null,
      [Symbol(shapeMode)]: true,
      [Symbol(kCapture)]: false,
      [Symbol(kSetNoDelay)]: false,
      [Symbol(kSetKeepAlive)]: true,
      [Symbol(kSetKeepAliveInitialDelay)]: 1,
      [Symbol(kBytesRead)]: 0,
      [Symbol(kBytesWritten)]: 0,
      [Symbol(connect-options)]: [Object]
    },
    _header: 'POST /api/v1/positions HTTP/1.1\r\n' +
      'Accept: application/json, text/plain, */*\r\n' +
      'Content-Type: application/json\r\n' +
      'X-SECURITY-TOKEN: 1rYejt1nXHD6BJjABWgo1zt5AwcD28T\r\n' +
      'X-CAP-API-KEY: BfosmP5X0HqOdLqX\r\n' +
      'CST: xlhElTLCwao9m9P8OK5YMEbM\r\n' +
      'User-Agent: axios/1.13.1\r\n' +
      'Content-Length: 142\r\n' +
      'Accept-Encoding: gzip, compress, deflate, br\r\n' +
      'Host: demo-api-capital.backend-capital.com\r\n' +
      'Connection: keep-alive\r\n' +
      '\r\n',
    _keepAliveTimeout: 0,
    _onPendingData: [Function: nop],
    agent: Agent {
      _events: [Object: null prototype],
      _eventsCount: 2,
      _maxListeners: undefined,
      defaultPort: 443,
      protocol: 'https:',
      options: [Object: null prototype],
      requests: [Object: null prototype] {},
      sockets: [Object: null prototype] {},
      freeSockets: [Object: null prototype],
      keepAliveMsecs: 1000,
      keepAlive: true,
      maxSockets: Infinity,
      maxFreeSockets: 256,
      scheduling: 'lifo',
      maxTotalSockets: Infinity,
      totalSocketCount: 2,
      maxCachedSessions: 100,
      _sessionCache: [Object],
      [Symbol(shapeMode)]: false,
      [Symbol(kCapture)]: false
    },
    socketPath: undefined,
    method: 'POST',
    maxHeaderSize: undefined,
    insecureHTTPParser: undefined,
    joinDuplicateHeaders: undefined,
    path: '/api/v1/positions',
    _ended: true,
    res: IncomingMessage {
      _events: [Object],
      _readableState: [ReadableState],
      _maxListeners: undefined,
      socket: null,
      httpVersionMajor: 1,
      httpVersionMinor: 1,
      httpVersion: '1.1',
      complete: true,
      rawHeaders: [Array],
      rawTrailers: [],
      joinDuplicateHeaders: undefined,
      aborted: false,
      upgrade: false,
      url: '',
      method: null,
      statusCode: 400,
      statusMessage: '',
      client: [TLSSocket],
      _consuming: true,
      _dumped: false,
      req: [Circular *1],
      _eventsCount: 4,
      responseUrl: 'https://demo-api-capital.backend-capital.com/api/v1/positions',
      redirects: [],
      [Symbol(shapeMode)]: true,
      [Symbol(kCapture)]: false,
      [Symbol(kHeaders)]: [Object],
      [Symbol(kHeadersCount)]: 34,
      [Symbol(kTrailers)]: null,
      [Symbol(kTrailersCount)]: 0
    },
    aborted: false,
    timeoutCb: null,
    upgradeOrConnect: false,
    parser: null,
    maxHeadersCount: null,
    reusedSocket: true,
    host: 'demo-api-capital.backend-capital.com',
    protocol: 'https:',
    _redirectable: Writable {
      _events: [Object],
      _writableState: [WritableState],
      _maxListeners: undefined,
      _options: [Object],
      _ended: true,
      _ending: true,
      _redirectCount: 0,
      _redirects: [],
      _requestBodyLength: 142,
      _requestBodyBuffers: [],
      _eventsCount: 3,
      _onNativeResponse: [Function (anonymous)],
      _currentRequest: [Circular *1],
      _currentUrl: 'https://demo-api-capital.backend-capital.com/api/v1/positions',
      [Symbol(shapeMode)]: true,
      [Symbol(kCapture)]: false
    },
    [Symbol(shapeMode)]: false,
    [Symbol(kCapture)]: false,
    [Symbol(kBytesWritten)]: 0,
    [Symbol(kNeedDrain)]: false,
    [Symbol(corked)]: 0,
    [Symbol(kOutHeaders)]: [Object: null prototype] {
      accept: [Array],
      'content-type': [Array],
      'x-security-token': [Array],
      'x-cap-api-key': [Array],
      cst: [Array],
      'user-agent': [Array],
      'content-length': [Array],
      'accept-encoding': [Array],
      host: [Array]
    },
    [Symbol(errored)]: null,
    [Symbol(kHighWaterMark)]: 16384,
    [Symbol(kRejectNonStandardBodyWrites)]: false,
    [Symbol(kUniqueHeaders)]: null
  },
  response: {
    status: 400,
    statusText: '',
    headers: Object [AxiosHeaders] {
      date: 'Mon, 04 May 2026 01:20:07 GMT',
      'content-type': 'application/json',
      'transfer-encoding': 'chunked',
      connection: 'keep-alive',
      vary: 'Origin, Access-Control-Request-Method, Access-Control-Request-Headers',
      'content-security-policy': "connect-src 'self'",
      'access-control-expose-headers': 'CST, X-SECURITY-TOKEN',
      cst: 'xlhElTLCwao9m9P8OK5YMEbM',
      'x-security-token': '1rYejt1nXHD6BJjABWgo1zt5AwcD28T',
      'x-content-type-options': 'nosniff',
      'x-xss-protection': '1; mode=block',
      'cache-control': 'no-cache, no-store, max-age=0, must-revalidate',
      pragma: 'no-cache',
      expires: '0',
      'x-frame-options': 'DENY'
    },
    config: {
      transitional: [Object],
      adapter: [Array],
      transformRequest: [Array],
      transformResponse: [Array],
      timeout: 0,
      xsrfCookieName: 'XSRF-TOKEN',
      xsrfHeaderName: 'X-XSRF-TOKEN',
      maxContentLength: -1,
      maxBodyLength: -1,
      env: [Object],
      validateStatus: [Function: validateStatus],
      headers: [Object [AxiosHeaders]],
      method: 'post',
      url: 'https://demo-api-capital.backend-capital.com/api/v1/positions',
      data: '{"epic":"AUDJPY","direction":"BUY","size":12900,"orderType":"MARKET","guaranteedStop":false,"stopLevel":"113.05600","profitLevel":"113.10100"}',
      allowAbsoluteUrls: true
    },
    request: <ref *1> ClientRequest {
      _events: [Object: null prototype],
      _eventsCount: 7,
      _maxListeners: undefined,
      outputData: [],
      outputSize: 0,
      writable: true,
      destroyed: true,
      _last: false,
      chunkedEncoding: false,
      shouldKeepAlive: true,
      maxRequestsOnConnectionReached: false,
      _defaultKeepAlive: true,
      useChunkedEncodingByDefault: true,
      sendDate: false,
      _removedConnection: false,
      _removedContLen: false,
      _removedTE: false,
      strictContentLength: false,
      _contentLength: '142',
      _hasBody: true,
      _trailer: '',
      finished: true,
      _headerSent: true,
      _closed: true,
      socket: [TLSSocket],
      _header: 'POST /api/v1/positions HTTP/1.1\r\n' +
        'Accept: application/json, text/plain, */*\r\n' +
        'Content-Type: application/json\r\n' +
        'X-SECURITY-TOKEN: 1rYejt1nXHD6BJjABWgo1zt5AwcD28T\r\n' +
        'X-CAP-API-KEY: BfosmP5X0HqOdLqX\r\n' +
        'CST: xlhElTLCwao9m9P8OK5YMEbM\r\n' +
        'User-Agent: axios/1.13.1\r\n' +
        'Content-Length: 142\r\n' +
        'Accept-Encoding: gzip, compress, deflate, br\r\n' +
        'Host: demo-api-capital.backend-capital.com\r\n' +
        'Connection: keep-alive\r\n' +
        '\r\n',
      _keepAliveTimeout: 0,
      _onPendingData: [Function: nop],
      agent: [Agent],
      socketPath: undefined,
      method: 'POST',
      maxHeaderSize: undefined,
      insecureHTTPParser: undefined,
      joinDuplicateHeaders: undefined,
      path: '/api/v1/positions',
      _ended: true,
      res: [IncomingMessage],
      aborted: false,
      timeoutCb: null,
      upgradeOrConnect: false,
      parser: null,
      maxHeadersCount: null,
      reusedSocket: true,
      host: 'demo-api-capital.backend-capital.com',
      protocol: 'https:',
      _redirectable: [Writable],
      [Symbol(shapeMode)]: false,
      [Symbol(kCapture)]: false,
      [Symbol(kBytesWritten)]: 0,
      [Symbol(kNeedDrain)]: false,
      [Symbol(corked)]: 0,
      [Symbol(kOutHeaders)]: [Object: null prototype],
      [Symbol(errored)]: null,
      [Symbol(kHighWaterMark)]: 16384,
      [Symbol(kRejectNonStandardBodyWrites)]: false,
      [Symbol(kUniqueHeaders)]: null
    },
    data: { errorCode: 'error.invalid.stoploss.maxvalue: 113.035' }
  },
  status: 400
}
[ERROR] 2026-05-04T02:00:23.133Z | [API] Error placing position for NZDUSD: {"errorCode":"error.invalid.stoploss.minvalue: 0.59115"}
[ERROR] 2026-05-04T02:00:23.133Z | [API] Response status: 400
[ERROR] 2026-05-04T02:00:23.133Z | [API] Response headers: {"date":"Mon, 04 May 2026 02:00:23 GMT","content-type":"application/json","transfer-encoding":"chunked","connection":"keep-alive","vary":"Origin, Access-Control-Request-Method, Access-Control-Request-Headers","content-security-policy":"connect-src 'self'","access-control-expose-headers":"CST, X-SECURITY-TOKEN","cst":"xlhElTLCwao9m9P8OK5YMEbM","x-security-token":"1rYejt1nXHD6BJjABWgo1zt5AwcD28T","x-content-type-options":"nosniff","x-xss-protection":"1; mode=block","cache-control":"no-cache, no-store, max-age=0, must-revalidate","pragma":"no-cache","expires":"0","x-frame-options":"DENY"}
[ERROR] 2026-05-04T02:00:23.133Z | [Order] Error placing order for NZDUSD: AxiosError: Request failed with status code 400
    at settle (file:///home/pi/dev/capital-api-bot/node_modules/axios/lib/core/settle.js:19:12)
    at IncomingMessage.handleStreamEnd (file:///home/pi/dev/capital-api-bot/node_modules/axios/lib/adapters/http.js:792:11)
    at IncomingMessage.emit (node:events:536:35)
    at endReadableNT (node:internal/streams/readable:1698:12)
    at process.processTicksAndRejections (node:internal/process/task_queues:82:21)
    at Axios.request (file:///home/pi/dev/capital-api-bot/node_modules/axios/lib/core/Axios.js:45:41)
    at process.processTicksAndRejections (node:internal/process/task_queues:95:5)
    at async placePosition (file:///home/pi/dev/capital-api-bot/api.js:259:26)
    at async TradingService.executeTrade (file:///home/pi/dev/capital-api-bot/services/trading.js:356:25)
    at async TradingService.processPrice (file:///home/pi/dev/capital-api-bot/services/trading.js:171:13)
    at async TradingBot.analyzeSymbol (file:///home/pi/dev/capital-api-bot/bot.js:250:9)
    at async TradingBot.analyzeAllSymbols (file:///home/pi/dev/capital-api-bot/bot.js:192:13)
    at async runAnalysis (file:///home/pi/dev/capital-api-bot/bot.js:104:17) {
  code: 'ERR_BAD_REQUEST',
  config: {
    transitional: {
      silentJSONParsing: true,
      forcedJSONParsing: true,
      clarifyTimeoutError: false
    },
    adapter: [ 'xhr', 'http', 'fetch' ],
    transformRequest: [ [Function: transformRequest] ],
    transformResponse: [ [Function: transformResponse] ],
    timeout: 0,
    xsrfCookieName: 'XSRF-TOKEN',
    xsrfHeaderName: 'X-XSRF-TOKEN',
    maxContentLength: -1,
    maxBodyLength: -1,
    env: { FormData: [Function [FormData]], Blob: [class Blob] },
    validateStatus: [Function: validateStatus],
    headers: Object [AxiosHeaders] {
      Accept: 'application/json, text/plain, */*',
      'Content-Type': 'application/json',
      'X-SECURITY-TOKEN': '1rYejt1nXHD6BJjABWgo1zt5AwcD28T',
      'X-CAP-API-KEY': 'BfosmP5X0HqOdLqX',
      CST: 'xlhElTLCwao9m9P8OK5YMEbM',
      'User-Agent': 'axios/1.13.1',
      'Content-Length': '139',
      'Accept-Encoding': 'gzip, compress, deflate, br'
    },
    method: 'post',
    url: 'https://demo-api-capital.backend-capital.com/api/v1/positions',
    data: '{"epic":"NZDUSD","direction":"SELL","size":24400,"orderType":"MARKET","guaranteedStop":false,"stopLevel":"0.59097","profitLevel":"0.59077"}',
    allowAbsoluteUrls: true
  },
  request: <ref *1> ClientRequest {
    _events: [Object: null prototype] {
      abort: [Function (anonymous)],
      aborted: [Function (anonymous)],
      connect: [Function (anonymous)],
      error: [Function (anonymous)],
      socket: [Function (anonymous)],
      timeout: [Function (anonymous)],
      finish: [Function: requestOnFinish]
    },
    _eventsCount: 7,
    _maxListeners: undefined,
    outputData: [],
    outputSize: 0,
    writable: true,
    destroyed: true,
    _last: false,
    chunkedEncoding: false,
    shouldKeepAlive: true,
    maxRequestsOnConnectionReached: false,
    _defaultKeepAlive: true,
    useChunkedEncodingByDefault: true,
    sendDate: false,
    _removedConnection: false,
    _removedContLen: false,
    _removedTE: false,
    strictContentLength: false,
    _contentLength: '139',
    _hasBody: true,
    _trailer: '',
    finished: true,
    _headerSent: true,
    _closed: true,
    socket: TLSSocket {
      _tlsOptions: [Object],
      _secureEstablished: true,
      _securePending: false,
      _newSessionPending: false,
      _controlReleased: true,
      secureConnecting: false,
      _SNICallback: null,
      servername: 'demo-api-capital.backend-capital.com',
      alpnProtocol: false,
      authorized: true,
      authorizationError: null,
      encrypted: true,
      _events: [Object: null prototype],
      _eventsCount: 9,
      connecting: false,
      _hadError: false,
      _parent: null,
      _host: 'demo-api-capital.backend-capital.com',
      _closeAfterHandlingError: false,
      _readableState: [ReadableState],
      _writableState: [WritableState],
      allowHalfOpen: false,
      _maxListeners: undefined,
      _sockname: null,
      _pendingData: null,
      _pendingEncoding: '',
      server: undefined,
      _server: null,
      ssl: [TLSWrap],
      _requestCert: true,
      _rejectUnauthorized: true,
      timeout: 5000,
      parser: null,
      _httpMessage: null,
      autoSelectFamilyAttemptedAddresses: [Array],
      [Symbol(alpncallback)]: null,
      [Symbol(res)]: [TLSWrap],
      [Symbol(verified)]: true,
      [Symbol(pendingSession)]: null,
      [Symbol(async_id_symbol)]: -1,
      [Symbol(kHandle)]: [TLSWrap],
      [Symbol(lastWriteQueueSize)]: 0,
      [Symbol(timeout)]: Timeout {
        _idleTimeout: 5000,
        _idlePrev: [TimersList],
        _idleNext: [Timeout],
        _idleStart: 29881125,
        _onTimeout: [Function: bound ],
        _timerArgs: undefined,
        _repeat: null,
        _destroyed: false,
        [Symbol(refed)]: false,
        [Symbol(kHasPrimitive)]: false,
        [Symbol(asyncId)]: 283763,
        [Symbol(triggerId)]: 283761
      },
      [Symbol(kBuffer)]: null,
      [Symbol(kBufferCb)]: null,
      [Symbol(kBufferGen)]: null,
      [Symbol(shapeMode)]: true,
      [Symbol(kCapture)]: false,
      [Symbol(kSetNoDelay)]: false,
      [Symbol(kSetKeepAlive)]: true,
      [Symbol(kSetKeepAliveInitialDelay)]: 1,
      [Symbol(kBytesRead)]: 0,
      [Symbol(kBytesWritten)]: 0,
      [Symbol(connect-options)]: [Object]
    },
    _header: 'POST /api/v1/positions HTTP/1.1\r\n' +
      'Accept: application/json, text/plain, */*\r\n' +
      'Content-Type: application/json\r\n' +
      'X-SECURITY-TOKEN: 1rYejt1nXHD6BJjABWgo1zt5AwcD28T\r\n' +
      'X-CAP-API-KEY: BfosmP5X0HqOdLqX\r\n' +
      'CST: xlhElTLCwao9m9P8OK5YMEbM\r\n' +
      'User-Agent: axios/1.13.1\r\n' +
      'Content-Length: 139\r\n' +
      'Accept-Encoding: gzip, compress, deflate, br\r\n' +
      'Host: demo-api-capital.backend-capital.com\r\n' +
      'Connection: keep-alive\r\n' +
      '\r\n',
    _keepAliveTimeout: 0,
    _onPendingData: [Function: nop],
    agent: Agent {
      _events: [Object: null prototype],
      _eventsCount: 2,
      _maxListeners: undefined,
      defaultPort: 443,
      protocol: 'https:',
      options: [Object: null prototype],
      requests: [Object: null prototype] {},
      sockets: [Object: null prototype],
      freeSockets: [Object: null prototype],
      keepAliveMsecs: 1000,
      keepAlive: true,
      maxSockets: Infinity,
      maxFreeSockets: 256,
      scheduling: 'lifo',
      maxTotalSockets: Infinity,
      totalSocketCount: 2,
      maxCachedSessions: 100,
      _sessionCache: [Object],
      [Symbol(shapeMode)]: false,
      [Symbol(kCapture)]: false
    },
    socketPath: undefined,
    method: 'POST',
    maxHeaderSize: undefined,
    insecureHTTPParser: undefined,
    joinDuplicateHeaders: undefined,
    path: '/api/v1/positions',
    _ended: true,
    res: IncomingMessage {
      _events: [Object],
      _readableState: [ReadableState],
      _maxListeners: undefined,
      socket: null,
      httpVersionMajor: 1,
      httpVersionMinor: 1,
      httpVersion: '1.1',
      complete: true,
      rawHeaders: [Array],
      rawTrailers: [],
      joinDuplicateHeaders: undefined,
      aborted: false,
      upgrade: false,
      url: '',
      method: null,
      statusCode: 400,
      statusMessage: '',
      client: [TLSSocket],
      _consuming: true,
      _dumped: false,
      req: [Circular *1],
      _eventsCount: 4,
      responseUrl: 'https://demo-api-capital.backend-capital.com/api/v1/positions',
      redirects: [],
      [Symbol(shapeMode)]: true,
      [Symbol(kCapture)]: false,
      [Symbol(kHeaders)]: [Object],
      [Symbol(kHeadersCount)]: 34,
      [Symbol(kTrailers)]: null,
      [Symbol(kTrailersCount)]: 0
    },
    aborted: false,
    timeoutCb: null,
    upgradeOrConnect: false,
    parser: null,
    maxHeadersCount: null,
    reusedSocket: true,
    host: 'demo-api-capital.backend-capital.com',
    protocol: 'https:',
    _redirectable: Writable {
      _events: [Object],
      _writableState: [WritableState],
      _maxListeners: undefined,
      _options: [Object],
      _ended: true,
      _ending: true,
      _redirectCount: 0,
      _redirects: [],
      _requestBodyLength: 139,
      _requestBodyBuffers: [],
      _eventsCount: 3,
      _onNativeResponse: [Function (anonymous)],
      _currentRequest: [Circular *1],
      _currentUrl: 'https://demo-api-capital.backend-capital.com/api/v1/positions',
      [Symbol(shapeMode)]: true,
      [Symbol(kCapture)]: false
    },
    [Symbol(shapeMode)]: false,
    [Symbol(kCapture)]: false,
    [Symbol(kBytesWritten)]: 0,
    [Symbol(kNeedDrain)]: false,
    [Symbol(corked)]: 0,
    [Symbol(kOutHeaders)]: [Object: null prototype] {
      accept: [Array],
      'content-type': [Array],
      'x-security-token': [Array],
      'x-cap-api-key': [Array],
      cst: [Array],
      'user-agent': [Array],
      'content-length': [Array],
      'accept-encoding': [Array],
      host: [Array]
    },
    [Symbol(errored)]: null,
    [Symbol(kHighWaterMark)]: 16384,
    [Symbol(kRejectNonStandardBodyWrites)]: false,
    [Symbol(kUniqueHeaders)]: null
  },
  response: {
    status: 400,
    statusText: '',
    headers: Object [AxiosHeaders] {
      date: 'Mon, 04 May 2026 02:00:23 GMT',
      'content-type': 'application/json',
      'transfer-encoding': 'chunked',
      connection: 'keep-alive',
      vary: 'Origin, Access-Control-Request-Method, Access-Control-Request-Headers',
      'content-security-policy': "connect-src 'self'",
      'access-control-expose-headers': 'CST, X-SECURITY-TOKEN',
      cst: 'xlhElTLCwao9m9P8OK5YMEbM',
      'x-security-token': '1rYejt1nXHD6BJjABWgo1zt5AwcD28T',
      'x-content-type-options': 'nosniff',
      'x-xss-protection': '1; mode=block',
      'cache-control': 'no-cache, no-store, max-age=0, must-revalidate',
      pragma: 'no-cache',
      expires: '0',
      'x-frame-options': 'DENY'
    },
    config: {
      transitional: [Object],
      adapter: [Array],
      transformRequest: [Array],
      transformResponse: [Array],
      timeout: 0,
      xsrfCookieName: 'XSRF-TOKEN',
      xsrfHeaderName: 'X-XSRF-TOKEN',
      maxContentLength: -1,
      maxBodyLength: -1,
      env: [Object],
      validateStatus: [Function: validateStatus],
      headers: [Object [AxiosHeaders]],
      method: 'post',
      url: 'https://demo-api-capital.backend-capital.com/api/v1/positions',
      data: '{"epic":"NZDUSD","direction":"SELL","size":24400,"orderType":"MARKET","guaranteedStop":false,"stopLevel":"0.59097","profitLevel":"0.59077"}',
      allowAbsoluteUrls: true
    },
    request: <ref *1> ClientRequest {
      _events: [Object: null prototype],
      _eventsCount: 7,
      _maxListeners: undefined,
      outputData: [],
      outputSize: 0,
      writable: true,
      destroyed: true,
      _last: false,
      chunkedEncoding: false,
      shouldKeepAlive: true,
      maxRequestsOnConnectionReached: false,
      _defaultKeepAlive: true,
      useChunkedEncodingByDefault: true,
      sendDate: false,
      _removedConnection: false,
      _removedContLen: false,
      _removedTE: false,
      strictContentLength: false,
      _contentLength: '139',
      _hasBody: true,
      _trailer: '',
      finished: true,
      _headerSent: true,
      _closed: true,
      socket: [TLSSocket],
      _header: 'POST /api/v1/positions HTTP/1.1\r\n' +
        'Accept: application/json, text/plain, */*\r\n' +
        'Content-Type: application/json\r\n' +
        'X-SECURITY-TOKEN: 1rYejt1nXHD6BJjABWgo1zt5AwcD28T\r\n' +
        'X-CAP-API-KEY: BfosmP5X0HqOdLqX\r\n' +
        'CST: xlhElTLCwao9m9P8OK5YMEbM\r\n' +
        'User-Agent: axios/1.13.1\r\n' +
        'Content-Length: 139\r\n' +
        'Accept-Encoding: gzip, compress, deflate, br\r\n' +
        'Host: demo-api-capital.backend-capital.com\r\n' +
        'Connection: keep-alive\r\n' +
        '\r\n',
      _keepAliveTimeout: 0,
      _onPendingData: [Function: nop],
      agent: [Agent],
      socketPath: undefined,
      method: 'POST',
      maxHeaderSize: undefined,
      insecureHTTPParser: undefined,
      joinDuplicateHeaders: undefined,
      path: '/api/v1/positions',
      _ended: true,
      res: [IncomingMessage],
      aborted: false,
      timeoutCb: null,
      upgradeOrConnect: false,
      parser: null,
      maxHeadersCount: null,
      reusedSocket: true,
      host: 'demo-api-capital.backend-capital.com',
      protocol: 'https:',
      _redirectable: [Writable],
      [Symbol(shapeMode)]: false,
      [Symbol(kCapture)]: false,
      [Symbol(kBytesWritten)]: 0,
      [Symbol(kNeedDrain)]: false,
      [Symbol(corked)]: 0,
      [Symbol(kOutHeaders)]: [Object: null prototype],
      [Symbol(errored)]: null,
      [Symbol(kHighWaterMark)]: 16384,
      [Symbol(kRejectNonStandardBodyWrites)]: false,
      [Symbol(kUniqueHeaders)]: null
    },
    data: { errorCode: 'error.invalid.stoploss.minvalue: 0.59115' }
  },
  status: 400
}
